-------------------------------------------------------------------------------
Test set: CreateCourierTest
-------------------------------------------------------------------------------
Tests run: 5, Failures: 1, Errors: 0, Skipped: 0, Time elapsed: 10.885 s <<< FAILURE! - in CreateCourierTest
shouldReturn409ConflictWhenSameCourierCreated(CreateCourierTest)  Time elapsed: 1.919 s  <<< FAILURE!
java.lang.AssertionError: 
1 expectation failed.
JSON path message doesn't match.
Expected: Этот логин уже используется
  Actual: Этот логин уже используется. Попробуйте другой.

	at CreateCourierTest.shouldReturn409ConflictWhenSameCourierCreated(CreateCourierTest.java:86)

