-------------------------------------------------------------------------------
Test set: LoginCourierTest
-------------------------------------------------------------------------------
Tests run: 4, Failures: 1, Errors: 0, Skipped: 0, Time elapsed: 61.368 s <<< FAILURE! - in LoginCourierTest
shouldReturn400BadRequestWhenLoginWithoutPassword(LoginCourierTest)  Time elapsed: 60.416 s  <<< FAILURE!
java.lang.AssertionError: 
1 expectation failed.
Expected status code <400> but was <504>.

	at LoginCourierTest.shouldReturn400BadRequestWhenLoginWithoutPassword(LoginCourierTest.java:59)

