<?xml version="1.0" encoding="UTF-8"?>
<testsuite xmlns:xsi="http://www.w3.org/2001/XMLSchema-instance" xsi:noNamespaceSchemaLocation="https://maven.apache.org/surefire/maven-surefire-plugin/xsd/surefire-test-report.xsd" name="CreateCourierTest" time="10.885" tests="5" errors="0" skipped="0" failures="1">
  <properties>
[...]
</properties>
  <testcase name="shouldReturn400BadRequestWhenNoLogin" classname="CreateCourierTest" time="2.992"/>
  <testcase name="shouldReturnCorrectResponseBodyWhenSuccess" classname="CreateCourierTest" time="3.953"/>
  <testcase name="shouldReturn201WhenSuccess" classname="CreateCourierTest" time="1.572"/>
  <testcase name="shouldReturn409ConflictWhenSameCourierCreated" classname="CreateCourierTest" time="1.919">
    <failure message="1 expectation failed.&#10;JSON path message doesn&apos;t match.&#10;Expected: Этот логин уже используется&#10;  Actual: Этот логин уже используется. Попробуйте другой.&#10;" type="java.lang.AssertionError">java.lang.AssertionError: 
1 expectation failed.
JSON path message doesn't match.
Expected: Этот логин уже используется
  Actual: Этот логин уже используется. Попробуйте другой.

	at CreateCourierTest.shouldReturn409ConflictWhenSameCourierCreated(CreateCourierTest.java:86)
</failure>
  </testcase>
  <testcase name="shouldReturn400BadRequestWhenNoPassword" classname="CreateCourierTest" time="0.303"/>
</testsuite>